Performing C SOURCE FILE Test CMAKE_HAVE_LIBC_PTHREAD failed with the following output:
Change Dir: /home/zju/czh/darknet_video/CMakeFiles/CMakeTmp

Run Build Command(s):/usr/bin/make -f Makefile cmTC_d9ccd/fast && /usr/bin/make  -f CMakeFiles/cmTC_d9ccd.dir/build.make CMakeFiles/cmTC_d9ccd.dir/build
make[1]: Entering directory '/home/zju/czh/darknet_video/CMakeFiles/CMakeTmp'
Building C object CMakeFiles/cmTC_d9ccd.dir/src.c.o
/usr/bin/cc -DCMAKE_HAVE_LIBC_PTHREAD  -fPIC  -o CMakeFiles/cmTC_d9ccd.dir/src.c.o -c /home/zju/czh/darknet_video/CMakeFiles/CMakeTmp/src.c
Linking C executable cmTC_d9ccd
/usr/local/anaconda3/lib/python3.8/site-packages/cmake/data/bin/cmake -E cmake_link_script CMakeFiles/cmTC_d9ccd.dir/link.txt --verbose=1
/usr/bin/cc -fPIC  CMakeFiles/cmTC_d9ccd.dir/src.c.o -o cmTC_d9ccd 
CMakeFiles/cmTC_d9ccd.dir/src.c.o: In function `main':
src.c:(.text+0x3e): undefined reference to `pthread_create'
src.c:(.text+0x4a): undefined reference to `pthread_detach'
src.c:(.text+0x56): undefined reference to `pthread_cancel'
src.c:(.text+0x67): undefined reference to `pthread_join'
src.c:(.text+0x7b): undefined reference to `pthread_atfork'
collect2: error: ld returned 1 exit status
CMakeFiles/cmTC_d9ccd.dir/build.make:98: recipe for target 'cmTC_d9ccd' failed
make[1]: *** [cmTC_d9ccd] Error 1
make[1]: Leaving directory '/home/zju/czh/darknet_video/CMakeFiles/CMakeTmp'
Makefile:127: recipe for target 'cmTC_d9ccd/fast' failed
make: *** [cmTC_d9ccd/fast] Error 2


Source file was:
#include <pthread.h>

static void* test_func(void* data)
{
  return data;
}

int main(void)
{
  pthread_t thread;
  pthread_create(&thread, NULL, test_func, NULL);
  pthread_detach(thread);
  pthread_cancel(thread);
  pthread_join(thread, NULL);
  pthread_atfork(NULL, NULL, NULL);
  pthread_exit(NULL);

  return 0;
}

Determining if the function pthread_create exists in the pthreads failed with the following output:
Change Dir: /home/zju/czh/darknet_video/CMakeFiles/CMakeTmp

Run Build Command(s):/usr/bin/make -f Makefile cmTC_7e347/fast && /usr/bin/make  -f CMakeFiles/cmTC_7e347.dir/build.make CMakeFiles/cmTC_7e347.dir/build
make[1]: Entering directory '/home/zju/czh/darknet_video/CMakeFiles/CMakeTmp'
Building C object CMakeFiles/cmTC_7e347.dir/CheckFunctionExists.c.o
/usr/bin/cc   -fPIC -DCHECK_FUNCTION_EXISTS=pthread_create -o CMakeFiles/cmTC_7e347.dir/CheckFunctionExists.c.o -c /usr/local/anaconda3/lib/python3.8/site-packages/cmake/data/share/cmake-3.21/Modules/CheckFunctionExists.c
Linking C executable cmTC_7e347
/usr/local/anaconda3/lib/python3.8/site-packages/cmake/data/bin/cmake -E cmake_link_script CMakeFiles/cmTC_7e347.dir/link.txt --verbose=1
/usr/bin/cc -fPIC -DCHECK_FUNCTION_EXISTS=pthread_create CMakeFiles/cmTC_7e347.dir/CheckFunctionExists.c.o -o cmTC_7e347  -lpthreads 
/usr/bin/ld: cannot find -lpthreads
collect2: error: ld returned 1 exit status
CMakeFiles/cmTC_7e347.dir/build.make:98: recipe for target 'cmTC_7e347' failed
make[1]: *** [cmTC_7e347] Error 1
make[1]: Leaving directory '/home/zju/czh/darknet_video/CMakeFiles/CMakeTmp'
Makefile:127: recipe for target 'cmTC_7e347/fast' failed
make: *** [cmTC_7e347/fast] Error 2



